<?xml version="1.0" encoding="UTF-8"?>
<testsuite xmlns:xsi="http://www.w3.org/2001/XMLSchema-instance" xsi:noNamespaceSchemaLocation="https://maven.apache.org/surefire/maven-surefire-plugin/xsd/surefire-test-report-3.0.xsd" version="3.0" name="org.eventmanagement.EventManagementApplicationTests" time="5.761" tests="1" errors="0" skipped="0" failures="0">
  <properties>
    <property name="java.specification.version" value="21"/>
    <property name="sun.jnu.encoding" value="UTF-8"/>
    <property name="java.class.path" value="/Users/kelvinnguyen/Documents/GitHub/event-management-master/target/test-classes:/Users/kelvinnguyen/Documents/GitHub/event-management-master/target/classes:/Users/kelvinnguyen/.m2/repository/org/springframework/boot/spring-boot-starter-data-rest/3.2.3/spring-boot-starter-data-rest-3.2.3.jar:/Users/kelvinnguyen/.m2/repository/org/springframework/data/spring-data-rest-webmvc/4.2.3/spring-data-rest-webmvc-4.2.3.jar:/Users/kelvinnguyen/.m2/repository/org/springframework/data/spring-data-rest-core/4.2.3/spring-data-rest-core-4.2.3.jar:/Users/kelvinnguyen/.m2/repository/org/springframework/hateoas/spring-hateoas/2.2.0/spring-hateoas-2.2.0.jar:/Users/kelvinnguyen/.m2/repository/org/springframework/plugin/spring-plugin-core/3.0.0/spring-plugin-core-3.0.0.jar:/Users/kelvinnguyen/.m2/repository/org/atteo/evo-inflector/1.3/evo-inflector-1.3.jar:/Users/kelvinnguyen/.m2/repository/com/fasterxml/jackson/core/jackson-annotations/2.15.4/jackson-annotations-2.15.4.jar:/Users/kelvinnguyen/.m2/repository/org/slf4j/slf4j-api/2.0.12/slf4j-api-2.0.12.jar:/Users/kelvinnguyen/.m2/repository/org/springframework/boot/spring-boot-starter-data-jpa/3.2.3/spring-boot-starter-data-jpa-3.2.3.jar:/Users/kelvinnguyen/.m2/repository/org/springframework/boot/spring-boot-starter-aop/3.2.3/spring-boot-starter-aop-3.2.3.jar:/Users/kelvinnguyen/.m2/repository/org/aspectj/aspectjweaver/1.9.21/aspectjweaver-1.9.21.jar:/Users/kelvinnguyen/.m2/repository/org/springframework/boot/spring-boot-starter-jdbc/3.2.3/spring-boot-starter-jdbc-3.2.3.jar:/Users/kelvinnguyen/.m2/repository/com/zaxxer/HikariCP/5.0.1/HikariCP-5.0.1.jar:/Users/kelvinnguyen/.m2/repository/org/springframework/spring-jdbc/6.1.4/spring-jdbc-6.1.4.jar:/Users/kelvinnguyen/.m2/repository/org/hibernate/orm/hibernate-core/6.4.4.Final/hibernate-core-6.4.4.Final.jar:/Users/kelvinnguyen/.m2/repository/jakarta/persistence/jakarta.persistence-api/3.1.0/jakarta.persistence-api-3.1.0.jar:/Users/kelvinnguyen/.m2/repository/jakarta/transaction/jakarta.transaction-api/2.0.1/jakarta.transaction-api-2.0.1.jar:/Users/kelvinnguyen/.m2/repository/org/jboss/logging/jboss-logging/3.5.3.Final/jboss-logging-3.5.3.Final.jar:/Users/kelvinnguyen/.m2/repository/org/hibernate/common/hibernate-commons-annotations/6.0.6.Final/hibernate-commons-annotations-6.0.6.Final.jar:/Users/kelvinnguyen/.m2/repository/io/smallrye/jandex/3.1.2/jandex-3.1.2.jar:/Users/kelvinnguyen/.m2/repository/com/fasterxml/classmate/1.6.0/classmate-1.6.0.jar:/Users/kelvinnguyen/.m2/repository/net/bytebuddy/byte-buddy/1.14.12/byte-buddy-1.14.12.jar:/Users/kelvinnguyen/.m2/repository/org/glassfish/jaxb/jaxb-runtime/4.0.4/jaxb-runtime-4.0.4.jar:/Users/kelvinnguyen/.m2/repository/org/glassfish/jaxb/jaxb-core/4.0.4/jaxb-core-4.0.4.jar:/Users/kelvinnguyen/.m2/repository/org/glassfish/jaxb/txw2/4.0.4/txw2-4.0.4.jar:/Users/kelvinnguyen/.m2/repository/com/sun/istack/istack-commons-runtime/4.1.2/istack-commons-runtime-4.1.2.jar:/Users/kelvinnguyen/.m2/repository/jakarta/inject/jakarta.inject-api/2.0.1/jakarta.inject-api-2.0.1.jar:/Users/kelvinnguyen/.m2/repository/org/antlr/antlr4-runtime/4.13.0/antlr4-runtime-4.13.0.jar:/Users/kelvinnguyen/.m2/repository/org/springframework/data/spring-data-jpa/3.2.3/spring-data-jpa-3.2.3.jar:/Users/kelvinnguyen/.m2/repository/org/springframework/data/spring-data-commons/3.2.3/spring-data-commons-3.2.3.jar:/Users/kelvinnguyen/.m2/repository/org/springframework/spring-orm/6.1.4/spring-orm-6.1.4.jar:/Users/kelvinnguyen/.m2/repository/org/springframework/spring-context/6.1.4/spring-context-6.1.4.jar:/Users/kelvinnguyen/.m2/repository/org/springframework/spring-tx/6.1.4/spring-tx-6.1.4.jar:/Users/kelvinnguyen/.m2/repository/org/springframework/spring-beans/6.1.4/spring-beans-6.1.4.jar:/Users/kelvinnguyen/.m2/repository/jakarta/annotation/jakarta.annotation-api/2.1.1/jakarta.annotation-api-2.1.1.jar:/Users/kelvinnguyen/.m2/repository/org/springframework/spring-aspects/6.1.4/spring-aspects-6.1.4.jar:/Users/kelvinnguyen/.m2/repository/org/springframework/boot/spring-boot-starter-security/3.2.3/spring-boot-starter-security-3.2.3.jar:/Users/kelvinnguyen/.m2/repository/org/springframework/boot/spring-boot-starter/3.2.3/spring-boot-starter-3.2.3.jar:/Users/kelvinnguyen/.m2/repository/org/springframework/boot/spring-boot-starter-logging/3.2.3/spring-boot-starter-logging-3.2.3.jar:/Users/kelvinnguyen/.m2/repository/ch/qos/logback/logback-classic/1.4.14/logback-classic-1.4.14.jar:/Users/kelvinnguyen/.m2/repository/ch/qos/logback/logback-core/1.4.14/logback-core-1.4.14.jar:/Users/kelvinnguyen/.m2/repository/org/apache/logging/log4j/log4j-to-slf4j/2.21.1/log4j-to-slf4j-2.21.1.jar:/Users/kelvinnguyen/.m2/repository/org/apache/logging/log4j/log4j-api/2.21.1/log4j-api-2.21.1.jar:/Users/kelvinnguyen/.m2/repository/org/slf4j/jul-to-slf4j/2.0.12/jul-to-slf4j-2.0.12.jar:/Users/kelvinnguyen/.m2/repository/org/yaml/snakeyaml/2.2/snakeyaml-2.2.jar:/Users/kelvinnguyen/.m2/repository/org/springframework/spring-aop/6.1.4/spring-aop-6.1.4.jar:/Users/kelvinnguyen/.m2/repository/org/springframework/security/spring-security-config/6.2.2/spring-security-config-6.2.2.jar:/Users/kelvinnguyen/.m2/repository/org/springframework/security/spring-security-web/6.2.2/spring-security-web-6.2.2.jar:/Users/kelvinnguyen/.m2/repository/org/springframework/spring-expression/6.1.4/spring-expression-6.1.4.jar:/Users/kelvinnguyen/.m2/repository/org/springframework/boot/spring-boot-starter-web/3.2.3/spring-boot-starter-web-3.2.3.jar:/Users/kelvinnguyen/.m2/repository/org/springframework/boot/spring-boot-starter-json/3.2.3/spring-boot-starter-json-3.2.3.jar:/Users/kelvinnguyen/.m2/repository/com/fasterxml/jackson/datatype/jackson-datatype-jdk8/2.15.4/jackson-datatype-jdk8-2.15.4.jar:/Users/kelvinnguyen/.m2/repository/com/fasterxml/jackson/datatype/jackson-datatype-jsr310/2.15.4/jackson-datatype-jsr310-2.15.4.jar:/Users/kelvinnguyen/.m2/repository/com/fasterxml/jackson/module/jackson-module-parameter-names/2.15.4/jackson-module-parameter-names-2.15.4.jar:/Users/kelvinnguyen/.m2/repository/org/springframework/boot/spring-boot-starter-tomcat/3.2.3/spring-boot-starter-tomcat-3.2.3.jar:/Users/kelvinnguyen/.m2/repository/org/apache/tomcat/embed/tomcat-embed-core/10.1.19/tomcat-embed-core-10.1.19.jar:/Users/kelvinnguyen/.m2/repository/org/apache/tomcat/embed/tomcat-embed-websocket/10.1.19/tomcat-embed-websocket-10.1.19.jar:/Users/kelvinnguyen/.m2/repository/org/springframework/spring-web/6.1.4/spring-web-6.1.4.jar:/Users/kelvinnguyen/.m2/repository/org/springframework/spring-webmvc/6.1.4/spring-webmvc-6.1.4.jar:/Users/kelvinnguyen/.m2/repository/org/springframework/boot/spring-boot-starter-web-services/3.2.3/spring-boot-starter-web-services-3.2.3.jar:/Users/kelvinnguyen/.m2/repository/com/sun/xml/messaging/saaj/saaj-impl/3.0.3/saaj-impl-3.0.3.jar:/Users/kelvinnguyen/.m2/repository/jakarta/xml/soap/jakarta.xml.soap-api/3.0.1/jakarta.xml.soap-api-3.0.1.jar:/Users/kelvinnguyen/.m2/repository/org/jvnet/staxex/stax-ex/2.1.0/stax-ex-2.1.0.jar:/Users/kelvinnguyen/.m2/repository/jakarta/activation/jakarta.activation-api/2.1.2/jakarta.activation-api-2.1.2.jar:/Users/kelvinnguyen/.m2/repository/org/eclipse/angus/angus-activation/2.0.1/angus-activation-2.0.1.jar:/Users/kelvinnguyen/.m2/repository/jakarta/xml/ws/jakarta.xml.ws-api/4.0.1/jakarta.xml.ws-api-4.0.1.jar:/Users/kelvinnguyen/.m2/repository/org/springframework/spring-oxm/6.1.4/spring-oxm-6.1.4.jar:/Users/kelvinnguyen/.m2/repository/org/springframework/ws/spring-ws-core/4.0.10/spring-ws-core-4.0.10.jar:/Users/kelvinnguyen/.m2/repository/org/springframework/ws/spring-xml/4.0.10/spring-xml-4.0.10.jar:/Users/kelvinnguyen/.m2/repository/org/springframework/boot/spring-boot-starter-validation/3.2.3/spring-boot-starter-validation-3.2.3.jar:/Users/kelvinnguyen/.m2/repository/org/apache/tomcat/embed/tomcat-embed-el/10.1.19/tomcat-embed-el-10.1.19.jar:/Users/kelvinnguyen/.m2/repository/org/hibernate/validator/hibernate-validator/8.0.1.Final/hibernate-validator-8.0.1.Final.jar:/Users/kelvinnguyen/.m2/repository/jakarta/validation/jakarta.validation-api/3.0.2/jakarta.validation-api-3.0.2.jar:/Users/kelvinnguyen/.m2/repository/org/springframework/boot/spring-boot-devtools/3.2.3/spring-boot-devtools-3.2.3.jar:/Users/kelvinnguyen/.m2/repository/org/springframework/boot/spring-boot/3.2.3/spring-boot-3.2.3.jar:/Users/kelvinnguyen/.m2/repository/org/springframework/boot/spring-boot-autoconfigure/3.2.3/spring-boot-autoconfigure-3.2.3.jar:/Users/kelvinnguyen/.m2/repository/com/mysql/mysql-connector-j/8.3.0/mysql-connector-j-8.3.0.jar:/Users/kelvinnguyen/.m2/repository/org/springframework/boot/spring-boot-starter-mail/3.2.3/spring-boot-starter-mail-3.2.3.jar:/Users/kelvinnguyen/.m2/repository/org/springframework/spring-context-support/6.1.4/spring-context-support-6.1.4.jar:/Users/kelvinnguyen/.m2/repository/org/eclipse/angus/jakarta.mail/2.0.2/jakarta.mail-2.0.2.jar:/Users/kelvinnguyen/.m2/repository/org/springframework/boot/spring-boot-starter-freemarker/3.2.3/spring-boot-starter-freemarker-3.2.3.jar:/Users/kelvinnguyen/.m2/repository/org/freemarker/freemarker/2.3.32/freemarker-2.3.32.jar:/Users/kelvinnguyen/.m2/repository/org/springframework/boot/spring-boot-starter-test/3.2.3/spring-boot-starter-test-3.2.3.jar:/Users/kelvinnguyen/.m2/repository/org/springframework/boot/spring-boot-test/3.2.3/spring-boot-test-3.2.3.jar:/Users/kelvinnguyen/.m2/repository/org/springframework/boot/spring-boot-test-autoconfigure/3.2.3/spring-boot-test-autoconfigure-3.2.3.jar:/Users/kelvinnguyen/.m2/repository/com/jayway/jsonpath/json-path/2.9.0/json-path-2.9.0.jar:/Users/kelvinnguyen/.m2/repository/jakarta/xml/bind/jakarta.xml.bind-api/4.0.1/jakarta.xml.bind-api-4.0.1.jar:/Users/kelvinnguyen/.m2/repository/net/minidev/json-smart/2.5.0/json-smart-2.5.0.jar:/Users/kelvinnguyen/.m2/repository/net/minidev/accessors-smart/2.5.0/accessors-smart-2.5.0.jar:/Users/kelvinnguyen/.m2/repository/org/ow2/asm/asm/9.3/asm-9.3.jar:/Users/kelvinnguyen/.m2/repository/org/assertj/assertj-core/3.24.2/assertj-core-3.24.2.jar:/Users/kelvinnguyen/.m2/repository/org/awaitility/awaitility/4.2.0/awaitility-4.2.0.jar:/Users/kelvinnguyen/.m2/repository/org/hamcrest/hamcrest/2.2/hamcrest-2.2.jar:/Users/kelvinnguyen/.m2/repository/org/junit/jupiter/junit-jupiter/5.10.2/junit-jupiter-5.10.2.jar:/Users/kelvinnguyen/.m2/repository/org/junit/jupiter/junit-jupiter-api/5.10.2/junit-jupiter-api-5.10.2.jar:/Users/kelvinnguyen/.m2/repository/org/opentest4j/opentest4j/1.3.0/opentest4j-1.3.0.jar:/Users/kelvinnguyen/.m2/repository/org/junit/platform/junit-platform-commons/1.10.2/junit-platform-commons-1.10.2.jar:/Users/kelvinnguyen/.m2/repository/org/apiguardian/apiguardian-api/1.1.2/apiguardian-api-1.1.2.jar:/Users/kelvinnguyen/.m2/repository/org/junit/jupiter/junit-jupiter-params/5.10.2/junit-jupiter-params-5.10.2.jar:/Users/kelvinnguyen/.m2/repository/org/junit/jupiter/junit-jupiter-engine/5.10.2/junit-jupiter-engine-5.10.2.jar:/Users/kelvinnguyen/.m2/repository/org/junit/platform/junit-platform-engine/1.10.2/junit-platform-engine-1.10.2.jar:/Users/kelvinnguyen/.m2/repository/org/mockito/mockito-core/5.7.0/mockito-core-5.7.0.jar:/Users/kelvinnguyen/.m2/repository/net/bytebuddy/byte-buddy-agent/1.14.12/byte-buddy-agent-1.14.12.jar:/Users/kelvinnguyen/.m2/repository/org/objenesis/objenesis/3.3/objenesis-3.3.jar:/Users/kelvinnguyen/.m2/repository/org/mockito/mockito-junit-jupiter/5.7.0/mockito-junit-jupiter-5.7.0.jar:/Users/kelvinnguyen/.m2/repository/org/skyscreamer/jsonassert/1.5.1/jsonassert-1.5.1.jar:/Users/kelvinnguyen/.m2/repository/com/vaadin/external/google/android-json/0.0.20131108.vaadin1/android-json-0.0.20131108.vaadin1.jar:/Users/kelvinnguyen/.m2/repository/org/springframework/spring-core/6.1.4/spring-core-6.1.4.jar:/Users/kelvinnguyen/.m2/repository/org/springframework/spring-jcl/6.1.4/spring-jcl-6.1.4.jar:/Users/kelvinnguyen/.m2/repository/org/springframework/spring-test/6.1.4/spring-test-6.1.4.jar:/Users/kelvinnguyen/.m2/repository/org/xmlunit/xmlunit-core/2.9.1/xmlunit-core-2.9.1.jar:/Users/kelvinnguyen/.m2/repository/org/springframework/security/spring-security-test/6.2.2/spring-security-test-6.2.2.jar:/Users/kelvinnguyen/.m2/repository/org/springframework/security/spring-security-core/6.2.2/spring-security-core-6.2.2.jar:/Users/kelvinnguyen/.m2/repository/org/springframework/security/spring-security-crypto/6.2.2/spring-security-crypto-6.2.2.jar:/Users/kelvinnguyen/.m2/repository/org/modelmapper/modelmapper/2.3.3/modelmapper-2.3.3.jar:/Users/kelvinnguyen/.m2/repository/io/jsonwebtoken/jjwt-api/0.11.5/jjwt-api-0.11.5.jar:/Users/kelvinnguyen/.m2/repository/io/jsonwebtoken/jjwt-impl/0.11.5/jjwt-impl-0.11.5.jar:/Users/kelvinnguyen/.m2/repository/io/jsonwebtoken/jjwt-jackson/0.11.5/jjwt-jackson-0.11.5.jar:/Users/kelvinnguyen/.m2/repository/com/fasterxml/jackson/core/jackson-databind/2.15.4/jackson-databind-2.15.4.jar:/Users/kelvinnguyen/.m2/repository/com/fasterxml/jackson/core/jackson-core/2.15.4/jackson-core-2.15.4.jar:/Users/kelvinnguyen/.m2/repository/joda-time/joda-time/2.12.7/joda-time-2.12.7.jar:/Users/kelvinnguyen/.m2/repository/org/springframework/boot/spring-boot-starter-actuator/3.2.3/spring-boot-starter-actuator-3.2.3.jar:/Users/kelvinnguyen/.m2/repository/org/springframework/boot/spring-boot-actuator-autoconfigure/3.2.3/spring-boot-actuator-autoconfigure-3.2.3.jar:/Users/kelvinnguyen/.m2/repository/org/springframework/boot/spring-boot-actuator/3.2.3/spring-boot-actuator-3.2.3.jar:/Users/kelvinnguyen/.m2/repository/io/micrometer/micrometer-observation/1.12.3/micrometer-observation-1.12.3.jar:/Users/kelvinnguyen/.m2/repository/io/micrometer/micrometer-commons/1.12.3/micrometer-commons-1.12.3.jar:/Users/kelvinnguyen/.m2/repository/io/micrometer/micrometer-jakarta9/1.12.3/micrometer-jakarta9-1.12.3.jar:/Users/kelvinnguyen/.m2/repository/io/micrometer/micrometer-core/1.12.3/micrometer-core-1.12.3.jar:/Users/kelvinnguyen/.m2/repository/org/hdrhistogram/HdrHistogram/2.1.12/HdrHistogram-2.1.12.jar:/Users/kelvinnguyen/.m2/repository/org/latencyutils/LatencyUtils/2.0.3/LatencyUtils-2.0.3.jar:/Users/kelvinnguyen/.m2/repository/javax/persistence/javax.persistence-api/2.2/javax.persistence-api-2.2.jar:"/>
    <property name="java.vm.vendor" value="Oracle Corporation"/>
    <property name="sun.arch.data.model" value="64"/>
    <property name="java.vendor.url" value="https://java.oracle.com/"/>
    <property name="user.timezone" value="Asia/Singapore"/>
    <property name="org.jboss.logging.provider" value="slf4j"/>
    <property name="os.name" value="Mac OS X"/>
    <property name="java.vm.specification.version" value="21"/>
    <property name="sun.java.launcher" value="SUN_STANDARD"/>
    <property name="user.country" value="GB"/>
    <property name="sun.boot.library.path" value="/Library/Java/JavaVirtualMachines/jdk-21.jdk/Contents/Home/lib"/>
    <property name="sun.java.command" value="/Users/kelvinnguyen/Documents/GitHub/event-management-master/target/surefire/surefirebooter-20240411183116196_3.jar /Users/kelvinnguyen/Documents/GitHub/event-management-master/target/surefire 2024-04-11T18-31-16_087-jvmRun1 surefire-20240411183116196_1tmp surefire_0-20240411183116196_2tmp"/>
    <property name="http.nonProxyHosts" value="local|*.local|169.254/16|*.169.254/16"/>
    <property name="jdk.debug" value="release"/>
    <property name="surefire.test.class.path" value="/Users/kelvinnguyen/Documents/GitHub/event-management-master/target/test-classes:/Users/kelvinnguyen/Documents/GitHub/event-management-master/target/classes:/Users/kelvinnguyen/.m2/repository/org/springframework/boot/spring-boot-starter-data-rest/3.2.3/spring-boot-starter-data-rest-3.2.3.jar:/Users/kelvinnguyen/.m2/repository/org/springframework/data/spring-data-rest-webmvc/4.2.3/spring-data-rest-webmvc-4.2.3.jar:/Users/kelvinnguyen/.m2/repository/org/springframework/data/spring-data-rest-core/4.2.3/spring-data-rest-core-4.2.3.jar:/Users/kelvinnguyen/.m2/repository/org/springframework/hateoas/spring-hateoas/2.2.0/spring-hateoas-2.2.0.jar:/Users/kelvinnguyen/.m2/repository/org/springframework/plugin/spring-plugin-core/3.0.0/spring-plugin-core-3.0.0.jar:/Users/kelvinnguyen/.m2/repository/org/atteo/evo-inflector/1.3/evo-inflector-1.3.jar:/Users/kelvinnguyen/.m2/repository/com/fasterxml/jackson/core/jackson-annotations/2.15.4/jackson-annotations-2.15.4.jar:/Users/kelvinnguyen/.m2/repository/org/slf4j/slf4j-api/2.0.12/slf4j-api-2.0.12.jar:/Users/kelvinnguyen/.m2/repository/org/springframework/boot/spring-boot-starter-data-jpa/3.2.3/spring-boot-starter-data-jpa-3.2.3.jar:/Users/kelvinnguyen/.m2/repository/org/springframework/boot/spring-boot-starter-aop/3.2.3/spring-boot-starter-aop-3.2.3.jar:/Users/kelvinnguyen/.m2/repository/org/aspectj/aspectjweaver/1.9.21/aspectjweaver-1.9.21.jar:/Users/kelvinnguyen/.m2/repository/org/springframework/boot/spring-boot-starter-jdbc/3.2.3/spring-boot-starter-jdbc-3.2.3.jar:/Users/kelvinnguyen/.m2/repository/com/zaxxer/HikariCP/5.0.1/HikariCP-5.0.1.jar:/Users/kelvinnguyen/.m2/repository/org/springframework/spring-jdbc/6.1.4/spring-jdbc-6.1.4.jar:/Users/kelvinnguyen/.m2/repository/org/hibernate/orm/hibernate-core/6.4.4.Final/hibernate-core-6.4.4.Final.jar:/Users/kelvinnguyen/.m2/repository/jakarta/persistence/jakarta.persistence-api/3.1.0/jakarta.persistence-api-3.1.0.jar:/Users/kelvinnguyen/.m2/repository/jakarta/transaction/jakarta.transaction-api/2.0.1/jakarta.transaction-api-2.0.1.jar:/Users/kelvinnguyen/.m2/repository/org/jboss/logging/jboss-logging/3.5.3.Final/jboss-logging-3.5.3.Final.jar:/Users/kelvinnguyen/.m2/repository/org/hibernate/common/hibernate-commons-annotations/6.0.6.Final/hibernate-commons-annotations-6.0.6.Final.jar:/Users/kelvinnguyen/.m2/repository/io/smallrye/jandex/3.1.2/jandex-3.1.2.jar:/Users/kelvinnguyen/.m2/repository/com/fasterxml/classmate/1.6.0/classmate-1.6.0.jar:/Users/kelvinnguyen/.m2/repository/net/bytebuddy/byte-buddy/1.14.12/byte-buddy-1.14.12.jar:/Users/kelvinnguyen/.m2/repository/org/glassfish/jaxb/jaxb-runtime/4.0.4/jaxb-runtime-4.0.4.jar:/Users/kelvinnguyen/.m2/repository/org/glassfish/jaxb/jaxb-core/4.0.4/jaxb-core-4.0.4.jar:/Users/kelvinnguyen/.m2/repository/org/glassfish/jaxb/txw2/4.0.4/txw2-4.0.4.jar:/Users/kelvinnguyen/.m2/repository/com/sun/istack/istack-commons-runtime/4.1.2/istack-commons-runtime-4.1.2.jar:/Users/kelvinnguyen/.m2/repository/jakarta/inject/jakarta.inject-api/2.0.1/jakarta.inject-api-2.0.1.jar:/Users/kelvinnguyen/.m2/repository/org/antlr/antlr4-runtime/4.13.0/antlr4-runtime-4.13.0.jar:/Users/kelvinnguyen/.m2/repository/org/springframework/data/spring-data-jpa/3.2.3/spring-data-jpa-3.2.3.jar:/Users/kelvinnguyen/.m2/repository/org/springframework/data/spring-data-commons/3.2.3/spring-data-commons-3.2.3.jar:/Users/kelvinnguyen/.m2/repository/org/springframework/spring-orm/6.1.4/spring-orm-6.1.4.jar:/Users/kelvinnguyen/.m2/repository/org/springframework/spring-context/6.1.4/spring-context-6.1.4.jar:/Users/kelvinnguyen/.m2/repository/org/springframework/spring-tx/6.1.4/spring-tx-6.1.4.jar:/Users/kelvinnguyen/.m2/repository/org/springframework/spring-beans/6.1.4/spring-beans-6.1.4.jar:/Users/kelvinnguyen/.m2/repository/jakarta/annotation/jakarta.annotation-api/2.1.1/jakarta.annotation-api-2.1.1.jar:/Users/kelvinnguyen/.m2/repository/org/springframework/spring-aspects/6.1.4/spring-aspects-6.1.4.jar:/Users/kelvinnguyen/.m2/repository/org/springframework/boot/spring-boot-starter-security/3.2.3/spring-boot-starter-security-3.2.3.jar:/Users/kelvinnguyen/.m2/repository/org/springframework/boot/spring-boot-starter/3.2.3/spring-boot-starter-3.2.3.jar:/Users/kelvinnguyen/.m2/repository/org/springframework/boot/spring-boot-starter-logging/3.2.3/spring-boot-starter-logging-3.2.3.jar:/Users/kelvinnguyen/.m2/repository/ch/qos/logback/logback-classic/1.4.14/logback-classic-1.4.14.jar:/Users/kelvinnguyen/.m2/repository/ch/qos/logback/logback-core/1.4.14/logback-core-1.4.14.jar:/Users/kelvinnguyen/.m2/repository/org/apache/logging/log4j/log4j-to-slf4j/2.21.1/log4j-to-slf4j-2.21.1.jar:/Users/kelvinnguyen/.m2/repository/org/apache/logging/log4j/log4j-api/2.21.1/log4j-api-2.21.1.jar:/Users/kelvinnguyen/.m2/repository/org/slf4j/jul-to-slf4j/2.0.12/jul-to-slf4j-2.0.12.jar:/Users/kelvinnguyen/.m2/repository/org/yaml/snakeyaml/2.2/snakeyaml-2.2.jar:/Users/kelvinnguyen/.m2/repository/org/springframework/spring-aop/6.1.4/spring-aop-6.1.4.jar:/Users/kelvinnguyen/.m2/repository/org/springframework/security/spring-security-config/6.2.2/spring-security-config-6.2.2.jar:/Users/kelvinnguyen/.m2/repository/org/springframework/security/spring-security-web/6.2.2/spring-security-web-6.2.2.jar:/Users/kelvinnguyen/.m2/repository/org/springframework/spring-expression/6.1.4/spring-expression-6.1.4.jar:/Users/kelvinnguyen/.m2/repository/org/springframework/boot/spring-boot-starter-web/3.2.3/spring-boot-starter-web-3.2.3.jar:/Users/kelvinnguyen/.m2/repository/org/springframework/boot/spring-boot-starter-json/3.2.3/spring-boot-starter-json-3.2.3.jar:/Users/kelvinnguyen/.m2/repository/com/fasterxml/jackson/datatype/jackson-datatype-jdk8/2.15.4/jackson-datatype-jdk8-2.15.4.jar:/Users/kelvinnguyen/.m2/repository/com/fasterxml/jackson/datatype/jackson-datatype-jsr310/2.15.4/jackson-datatype-jsr310-2.15.4.jar:/Users/kelvinnguyen/.m2/repository/com/fasterxml/jackson/module/jackson-module-parameter-names/2.15.4/jackson-module-parameter-names-2.15.4.jar:/Users/kelvinnguyen/.m2/repository/org/springframework/boot/spring-boot-starter-tomcat/3.2.3/spring-boot-starter-tomcat-3.2.3.jar:/Users/kelvinnguyen/.m2/repository/org/apache/tomcat/embed/tomcat-embed-core/10.1.19/tomcat-embed-core-10.1.19.jar:/Users/kelvinnguyen/.m2/repository/org/apache/tomcat/embed/tomcat-embed-websocket/10.1.19/tomcat-embed-websocket-10.1.19.jar:/Users/kelvinnguyen/.m2/repository/org/springframework/spring-web/6.1.4/spring-web-6.1.4.jar:/Users/kelvinnguyen/.m2/repository/org/springframework/spring-webmvc/6.1.4/spring-webmvc-6.1.4.jar:/Users/kelvinnguyen/.m2/repository/org/springframework/boot/spring-boot-starter-web-services/3.2.3/spring-boot-starter-web-services-3.2.3.jar:/Users/kelvinnguyen/.m2/repository/com/sun/xml/messaging/saaj/saaj-impl/3.0.3/saaj-impl-3.0.3.jar:/Users/kelvinnguyen/.m2/repository/jakarta/xml/soap/jakarta.xml.soap-api/3.0.1/jakarta.xml.soap-api-3.0.1.jar:/Users/kelvinnguyen/.m2/repository/org/jvnet/staxex/stax-ex/2.1.0/stax-ex-2.1.0.jar:/Users/kelvinnguyen/.m2/repository/jakarta/activation/jakarta.activation-api/2.1.2/jakarta.activation-api-2.1.2.jar:/Users/kelvinnguyen/.m2/repository/org/eclipse/angus/angus-activation/2.0.1/angus-activation-2.0.1.jar:/Users/kelvinnguyen/.m2/repository/jakarta/xml/ws/jakarta.xml.ws-api/4.0.1/jakarta.xml.ws-api-4.0.1.jar:/Users/kelvinnguyen/.m2/repository/org/springframework/spring-oxm/6.1.4/spring-oxm-6.1.4.jar:/Users/kelvinnguyen/.m2/repository/org/springframework/ws/spring-ws-core/4.0.10/spring-ws-core-4.0.10.jar:/Users/kelvinnguyen/.m2/repository/org/springframework/ws/spring-xml/4.0.10/spring-xml-4.0.10.jar:/Users/kelvinnguyen/.m2/repository/org/springframework/boot/spring-boot-starter-validation/3.2.3/spring-boot-starter-validation-3.2.3.jar:/Users/kelvinnguyen/.m2/repository/org/apache/tomcat/embed/tomcat-embed-el/10.1.19/tomcat-embed-el-10.1.19.jar:/Users/kelvinnguyen/.m2/repository/org/hibernate/validator/hibernate-validator/8.0.1.Final/hibernate-validator-8.0.1.Final.jar:/Users/kelvinnguyen/.m2/repository/jakarta/validation/jakarta.validation-api/3.0.2/jakarta.validation-api-3.0.2.jar:/Users/kelvinnguyen/.m2/repository/org/springframework/boot/spring-boot-devtools/3.2.3/spring-boot-devtools-3.2.3.jar:/Users/kelvinnguyen/.m2/repository/org/springframework/boot/spring-boot/3.2.3/spring-boot-3.2.3.jar:/Users/kelvinnguyen/.m2/repository/org/springframework/boot/spring-boot-autoconfigure/3.2.3/spring-boot-autoconfigure-3.2.3.jar:/Users/kelvinnguyen/.m2/repository/com/mysql/mysql-connector-j/8.3.0/mysql-connector-j-8.3.0.jar:/Users/kelvinnguyen/.m2/repository/org/springframework/boot/spring-boot-starter-mail/3.2.3/spring-boot-starter-mail-3.2.3.jar:/Users/kelvinnguyen/.m2/repository/org/springframework/spring-context-support/6.1.4/spring-context-support-6.1.4.jar:/Users/kelvinnguyen/.m2/repository/org/eclipse/angus/jakarta.mail/2.0.2/jakarta.mail-2.0.2.jar:/Users/kelvinnguyen/.m2/repository/org/springframework/boot/spring-boot-starter-freemarker/3.2.3/spring-boot-starter-freemarker-3.2.3.jar:/Users/kelvinnguyen/.m2/repository/org/freemarker/freemarker/2.3.32/freemarker-2.3.32.jar:/Users/kelvinnguyen/.m2/repository/org/springframework/boot/spring-boot-starter-test/3.2.3/spring-boot-starter-test-3.2.3.jar:/Users/kelvinnguyen/.m2/repository/org/springframework/boot/spring-boot-test/3.2.3/spring-boot-test-3.2.3.jar:/Users/kelvinnguyen/.m2/repository/org/springframework/boot/spring-boot-test-autoconfigure/3.2.3/spring-boot-test-autoconfigure-3.2.3.jar:/Users/kelvinnguyen/.m2/repository/com/jayway/jsonpath/json-path/2.9.0/json-path-2.9.0.jar:/Users/kelvinnguyen/.m2/repository/jakarta/xml/bind/jakarta.xml.bind-api/4.0.1/jakarta.xml.bind-api-4.0.1.jar:/Users/kelvinnguyen/.m2/repository/net/minidev/json-smart/2.5.0/json-smart-2.5.0.jar:/Users/kelvinnguyen/.m2/repository/net/minidev/accessors-smart/2.5.0/accessors-smart-2.5.0.jar:/Users/kelvinnguyen/.m2/repository/org/ow2/asm/asm/9.3/asm-9.3.jar:/Users/kelvinnguyen/.m2/repository/org/assertj/assertj-core/3.24.2/assertj-core-3.24.2.jar:/Users/kelvinnguyen/.m2/repository/org/awaitility/awaitility/4.2.0/awaitility-4.2.0.jar:/Users/kelvinnguyen/.m2/repository/org/hamcrest/hamcrest/2.2/hamcrest-2.2.jar:/Users/kelvinnguyen/.m2/repository/org/junit/jupiter/junit-jupiter/5.10.2/junit-jupiter-5.10.2.jar:/Users/kelvinnguyen/.m2/repository/org/junit/jupiter/junit-jupiter-api/5.10.2/junit-jupiter-api-5.10.2.jar:/Users/kelvinnguyen/.m2/repository/org/opentest4j/opentest4j/1.3.0/opentest4j-1.3.0.jar:/Users/kelvinnguyen/.m2/repository/org/junit/platform/junit-platform-commons/1.10.2/junit-platform-commons-1.10.2.jar:/Users/kelvinnguyen/.m2/repository/org/apiguardian/apiguardian-api/1.1.2/apiguardian-api-1.1.2.jar:/Users/kelvinnguyen/.m2/repository/org/junit/jupiter/junit-jupiter-params/5.10.2/junit-jupiter-params-5.10.2.jar:/Users/kelvinnguyen/.m2/repository/org/junit/jupiter/junit-jupiter-engine/5.10.2/junit-jupiter-engine-5.10.2.jar:/Users/kelvinnguyen/.m2/repository/org/junit/platform/junit-platform-engine/1.10.2/junit-platform-engine-1.10.2.jar:/Users/kelvinnguyen/.m2/repository/org/mockito/mockito-core/5.7.0/mockito-core-5.7.0.jar:/Users/kelvinnguyen/.m2/repository/net/bytebuddy/byte-buddy-agent/1.14.12/byte-buddy-agent-1.14.12.jar:/Users/kelvinnguyen/.m2/repository/org/objenesis/objenesis/3.3/objenesis-3.3.jar:/Users/kelvinnguyen/.m2/repository/org/mockito/mockito-junit-jupiter/5.7.0/mockito-junit-jupiter-5.7.0.jar:/Users/kelvinnguyen/.m2/repository/org/skyscreamer/jsonassert/1.5.1/jsonassert-1.5.1.jar:/Users/kelvinnguyen/.m2/repository/com/vaadin/external/google/android-json/0.0.20131108.vaadin1/android-json-0.0.20131108.vaadin1.jar:/Users/kelvinnguyen/.m2/repository/org/springframework/spring-core/6.1.4/spring-core-6.1.4.jar:/Users/kelvinnguyen/.m2/repository/org/springframework/spring-jcl/6.1.4/spring-jcl-6.1.4.jar:/Users/kelvinnguyen/.m2/repository/org/springframework/spring-test/6.1.4/spring-test-6.1.4.jar:/Users/kelvinnguyen/.m2/repository/org/xmlunit/xmlunit-core/2.9.1/xmlunit-core-2.9.1.jar:/Users/kelvinnguyen/.m2/repository/org/springframework/security/spring-security-test/6.2.2/spring-security-test-6.2.2.jar:/Users/kelvinnguyen/.m2/repository/org/springframework/security/spring-security-core/6.2.2/spring-security-core-6.2.2.jar:/Users/kelvinnguyen/.m2/repository/org/springframework/security/spring-security-crypto/6.2.2/spring-security-crypto-6.2.2.jar:/Users/kelvinnguyen/.m2/repository/org/modelmapper/modelmapper/2.3.3/modelmapper-2.3.3.jar:/Users/kelvinnguyen/.m2/repository/io/jsonwebtoken/jjwt-api/0.11.5/jjwt-api-0.11.5.jar:/Users/kelvinnguyen/.m2/repository/io/jsonwebtoken/jjwt-impl/0.11.5/jjwt-impl-0.11.5.jar:/Users/kelvinnguyen/.m2/repository/io/jsonwebtoken/jjwt-jackson/0.11.5/jjwt-jackson-0.11.5.jar:/Users/kelvinnguyen/.m2/repository/com/fasterxml/jackson/core/jackson-databind/2.15.4/jackson-databind-2.15.4.jar:/Users/kelvinnguyen/.m2/repository/com/fasterxml/jackson/core/jackson-core/2.15.4/jackson-core-2.15.4.jar:/Users/kelvinnguyen/.m2/repository/joda-time/joda-time/2.12.7/joda-time-2.12.7.jar:/Users/kelvinnguyen/.m2/repository/org/springframework/boot/spring-boot-starter-actuator/3.2.3/spring-boot-starter-actuator-3.2.3.jar:/Users/kelvinnguyen/.m2/repository/org/springframework/boot/spring-boot-actuator-autoconfigure/3.2.3/spring-boot-actuator-autoconfigure-3.2.3.jar:/Users/kelvinnguyen/.m2/repository/org/springframework/boot/spring-boot-actuator/3.2.3/spring-boot-actuator-3.2.3.jar:/Users/kelvinnguyen/.m2/repository/io/micrometer/micrometer-observation/1.12.3/micrometer-observation-1.12.3.jar:/Users/kelvinnguyen/.m2/repository/io/micrometer/micrometer-commons/1.12.3/micrometer-commons-1.12.3.jar:/Users/kelvinnguyen/.m2/repository/io/micrometer/micrometer-jakarta9/1.12.3/micrometer-jakarta9-1.12.3.jar:/Users/kelvinnguyen/.m2/repository/io/micrometer/micrometer-core/1.12.3/micrometer-core-1.12.3.jar:/Users/kelvinnguyen/.m2/repository/org/hdrhistogram/HdrHistogram/2.1.12/HdrHistogram-2.1.12.jar:/Users/kelvinnguyen/.m2/repository/org/latencyutils/LatencyUtils/2.0.3/LatencyUtils-2.0.3.jar:/Users/kelvinnguyen/.m2/repository/javax/persistence/javax.persistence-api/2.2/javax.persistence-api-2.2.jar:"/>
    <property name="sun.cpu.endian" value="little"/>
    <property name="user.home" value="/Users/kelvinnguyen"/>
    <property name="user.language" value="en"/>
    <property name="java.specification.vendor" value="Oracle Corporation"/>
    <property name="java.version.date" value="2023-10-17"/>
    <property name="java.home" value="/Library/Java/JavaVirtualMachines/jdk-21.jdk/Contents/Home"/>
    <property name="file.separator" value="/"/>
    <property name="basedir" value="/Users/kelvinnguyen/Documents/GitHub/event-management-master"/>
    <property name="java.vm.compressedOopsMode" value="Zero based"/>
    <property name="line.separator" value="&#10;"/>
    <property name="java.vm.specification.vendor" value="Oracle Corporation"/>
    <property name="java.specification.name" value="Java Platform API Specification"/>
    <property name="FILE_LOG_CHARSET" value="UTF-8"/>
    <property name="java.awt.headless" value="true"/>
    <property name="apple.awt.application.name" value="ForkedBooter"/>
    <property name="surefire.real.class.path" value="/Users/kelvinnguyen/Documents/GitHub/event-management-master/target/surefire/surefirebooter-20240411183116196_3.jar"/>
    <property name="sun.management.compiler" value="HotSpot 64-Bit Tiered Compilers"/>
    <property name="ftp.nonProxyHosts" value="local|*.local|169.254/16|*.169.254/16"/>
    <property name="java.runtime.version" value="21.0.1+12-LTS-29"/>
    <property name="user.name" value="kelvinnguyen"/>
    <property name="stdout.encoding" value="UTF-8"/>
    <property name="path.separator" value=":"/>
    <property name="os.version" value="14.1.1"/>
    <property name="java.runtime.name" value="Java(TM) SE Runtime Environment"/>
    <property name="file.encoding" value="UTF-8"/>
    <property name="java.vm.name" value="Java HotSpot(TM) 64-Bit Server VM"/>
    <property name="localRepository" value="/Users/kelvinnguyen/.m2/repository"/>
    <property name="java.vendor.url.bug" value="https://bugreport.java.com/bugreport/"/>
    <property name="java.io.tmpdir" value="/var/folders/6z/gb1k9gsn36980lzpllj84zt00000gn/T/"/>
    <property name="com.zaxxer.hikari.pool_number" value="1"/>
    <property name="java.version" value="21.0.1"/>
    <property name="user.dir" value="/Users/kelvinnguyen/Documents/GitHub/event-management-master"/>
    <property name="os.arch" value="aarch64"/>
    <property name="java.vm.specification.name" value="Java Virtual Machine Specification"/>
    <property name="PID" value="25673"/>
    <property name="CONSOLE_LOG_CHARSET" value="UTF-8"/>
    <property name="native.encoding" value="UTF-8"/>
    <property name="java.library.path" value="/Users/kelvinnguyen/Library/Java/Extensions:/Library/Java/Extensions:/Network/Library/Java/Extensions:/System/Library/Java/Extensions:/usr/lib/java:."/>
    <property name="java.vm.info" value="mixed mode, sharing"/>
    <property name="stderr.encoding" value="UTF-8"/>
    <property name="java.vendor" value="Oracle Corporation"/>
    <property name="java.vm.version" value="21.0.1+12-LTS-29"/>
    <property name="sun.io.unicode.encoding" value="UnicodeBig"/>
    <property name="socksNonProxyHosts" value="local|*.local|169.254/16|*.169.254/16"/>
    <property name="java.class.version" value="65.0"/>
  </properties>
  <testcase name="contextLoads" classname="org.eventmanagement.EventManagementApplicationTests" time="0.438">
    <system-out><![CDATA[18:31:16.854 [main] INFO org.springframework.test.context.support.AnnotationConfigContextLoaderUtils -- Could not detect default configuration classes for test class [org.eventmanagement.EventManagementApplicationTests]: EventManagementApplicationTests does not declare any static, non-private, non-final, nested classes annotated with @Configuration.
18:31:16.928 [main] INFO org.springframework.boot.test.context.SpringBootTestContextBootstrapper -- Found @SpringBootConfiguration org.eventmanagement.EventManagementApplication for test class org.eventmanagement.EventManagementApplicationTests
18:31:17.030 [main] INFO org.springframework.boot.devtools.restart.RestartApplicationListener -- Restart disabled due to context in which it is running

  .   ____          _            __ _ _
 /\\ / ___'_ __ _ _(_)_ __  __ _ \ \ \ \
( ( )\___ | '_ | '_| | '_ \/ _` | \ \ \ \
 \\/  ___)| |_)| | | | | || (_| |  ) ) ) )
  '  |____| .__|_| |_|_| |_\__, | / / / /
 =========|_|==============|___/=/_/_/_/
 :: Spring Boot ::                (v3.2.3)

2024-04-11T18:31:17.200+08:00  INFO 25673 --- [           main] o.e.EventManagementApplicationTests      : Starting EventManagementApplicationTests using Java 21.0.1 with PID 25673 (started by kelvinnguyen in /Users/kelvinnguyen/Documents/GitHub/event-management-master)
2024-04-11T18:31:17.201+08:00  INFO 25673 --- [           main] o.e.EventManagementApplicationTests      : No active profile set, falling back to 1 default profile: "default"
2024-04-11T18:31:17.985+08:00  INFO 25673 --- [           main] .s.d.r.c.RepositoryConfigurationDelegate : Bootstrapping Spring Data JPA repositories in DEFAULT mode.
2024-04-11T18:31:18.031+08:00  INFO 25673 --- [           main] .s.d.r.c.RepositoryConfigurationDelegate : Finished Spring Data repository scanning in 40 ms. Found 5 JPA repository interfaces.
2024-04-11T18:31:18.323+08:00  WARN 25673 --- [           main] trationDelegate$BeanPostProcessorChecker : Bean 'org.springframework.ws.config.annotation.DelegatingWsConfiguration' of type [org.springframework.ws.config.annotation.DelegatingWsConfiguration$$SpringCGLIB$$0] is not eligible for getting processed by all BeanPostProcessors (for example: not eligible for auto-proxying). The currently created BeanPostProcessor [annotationActionEndpointMapping] is declared through a non-static factory method on that class; consider declaring it as static instead.
2024-04-11T18:31:18.349+08:00  INFO 25673 --- [           main] .w.s.a.s.AnnotationActionEndpointMapping : Supporting [WS-Addressing August 2004, WS-Addressing 1.0]
2024-04-11T18:31:18.564+08:00 DEBUG 25673 --- [           main] com.zaxxer.hikari.HikariConfig           : Driver class com.mysql.cj.jdbc.Driver found in Thread context class loader jdk.internal.loader.ClassLoaders$AppClassLoader@1cf4f579
2024-04-11T18:31:18.672+08:00  INFO 25673 --- [           main] o.hibernate.jpa.internal.util.LogHelper  : HHH000204: Processing PersistenceUnitInfo [name: default]
2024-04-11T18:31:18.714+08:00  INFO 25673 --- [           main] org.hibernate.Version                    : HHH000412: Hibernate ORM core version 6.4.4.Final
2024-04-11T18:31:18.738+08:00  INFO 25673 --- [           main] o.h.c.internal.RegionFactoryInitiator    : HHH000026: Second-level cache disabled
2024-04-11T18:31:18.901+08:00  INFO 25673 --- [           main] o.s.o.j.p.SpringPersistenceUnitInfo      : No LoadTimeWeaver setup: ignoring JPA class transformer
2024-04-11T18:31:18.919+08:00 DEBUG 25673 --- [           main] com.zaxxer.hikari.HikariConfig           : HikariPool-1 - configuration:
2024-04-11T18:31:18.923+08:00 DEBUG 25673 --- [           main] com.zaxxer.hikari.HikariConfig           : allowPoolSuspension.............false
2024-04-11T18:31:18.923+08:00 DEBUG 25673 --- [           main] com.zaxxer.hikari.HikariConfig           : autoCommit......................true
2024-04-11T18:31:18.923+08:00 DEBUG 25673 --- [           main] com.zaxxer.hikari.HikariConfig           : catalog.........................none
2024-04-11T18:31:18.923+08:00 DEBUG 25673 --- [           main] com.zaxxer.hikari.HikariConfig           : connectionInitSql...............none
2024-04-11T18:31:18.923+08:00 DEBUG 25673 --- [           main] com.zaxxer.hikari.HikariConfig           : connectionTestQuery.............none
2024-04-11T18:31:18.924+08:00 DEBUG 25673 --- [           main] com.zaxxer.hikari.HikariConfig           : connectionTimeout...............30000
2024-04-11T18:31:18.924+08:00 DEBUG 25673 --- [           main] com.zaxxer.hikari.HikariConfig           : dataSource......................none
2024-04-11T18:31:18.924+08:00 DEBUG 25673 --- [           main] com.zaxxer.hikari.HikariConfig           : dataSourceClassName.............none
2024-04-11T18:31:18.924+08:00 DEBUG 25673 --- [           main] com.zaxxer.hikari.HikariConfig           : dataSourceJNDI..................none
2024-04-11T18:31:18.924+08:00 DEBUG 25673 --- [           main] com.zaxxer.hikari.HikariConfig           : dataSourceProperties............{password=<masked>}
2024-04-11T18:31:18.924+08:00 DEBUG 25673 --- [           main] com.zaxxer.hikari.HikariConfig           : driverClassName................."com.mysql.cj.jdbc.Driver"
2024-04-11T18:31:18.925+08:00 DEBUG 25673 --- [           main] com.zaxxer.hikari.HikariConfig           : exceptionOverrideClassName......none
2024-04-11T18:31:18.925+08:00 DEBUG 25673 --- [           main] com.zaxxer.hikari.HikariConfig           : healthCheckProperties...........{}
2024-04-11T18:31:18.925+08:00 DEBUG 25673 --- [           main] com.zaxxer.hikari.HikariConfig           : healthCheckRegistry.............none
2024-04-11T18:31:18.925+08:00 DEBUG 25673 --- [           main] com.zaxxer.hikari.HikariConfig           : idleTimeout.....................600000
2024-04-11T18:31:18.925+08:00 DEBUG 25673 --- [           main] com.zaxxer.hikari.HikariConfig           : initializationFailTimeout.......1
2024-04-11T18:31:18.925+08:00 DEBUG 25673 --- [           main] com.zaxxer.hikari.HikariConfig           : isolateInternalQueries..........false
2024-04-11T18:31:18.925+08:00 DEBUG 25673 --- [           main] com.zaxxer.hikari.HikariConfig           : jdbcUrl.........................jdbc:mysql://localhost:8889/eventdb?useSSL=false
2024-04-11T18:31:18.926+08:00 DEBUG 25673 --- [           main] com.zaxxer.hikari.HikariConfig           : keepaliveTime...................0
2024-04-11T18:31:18.926+08:00 DEBUG 25673 --- [           main] com.zaxxer.hikari.HikariConfig           : leakDetectionThreshold..........0
2024-04-11T18:31:18.926+08:00 DEBUG 25673 --- [           main] com.zaxxer.hikari.HikariConfig           : maxLifetime.....................1800000
2024-04-11T18:31:18.926+08:00 DEBUG 25673 --- [           main] com.zaxxer.hikari.HikariConfig           : maximumPoolSize.................10
2024-04-11T18:31:18.926+08:00 DEBUG 25673 --- [           main] com.zaxxer.hikari.HikariConfig           : metricRegistry..................none
2024-04-11T18:31:18.926+08:00 DEBUG 25673 --- [           main] com.zaxxer.hikari.HikariConfig           : metricsTrackerFactory...........none
2024-04-11T18:31:18.926+08:00 DEBUG 25673 --- [           main] com.zaxxer.hikari.HikariConfig           : minimumIdle.....................10
2024-04-11T18:31:18.926+08:00 DEBUG 25673 --- [           main] com.zaxxer.hikari.HikariConfig           : password........................<masked>
2024-04-11T18:31:18.927+08:00 DEBUG 25673 --- [           main] com.zaxxer.hikari.HikariConfig           : poolName........................"HikariPool-1"
2024-04-11T18:31:18.927+08:00 DEBUG 25673 --- [           main] com.zaxxer.hikari.HikariConfig           : readOnly........................false
2024-04-11T18:31:18.927+08:00 DEBUG 25673 --- [           main] com.zaxxer.hikari.HikariConfig           : registerMbeans..................false
2024-04-11T18:31:18.927+08:00 DEBUG 25673 --- [           main] com.zaxxer.hikari.HikariConfig           : scheduledExecutor...............none
2024-04-11T18:31:18.927+08:00 DEBUG 25673 --- [           main] com.zaxxer.hikari.HikariConfig           : schema..........................none
2024-04-11T18:31:18.927+08:00 DEBUG 25673 --- [           main] com.zaxxer.hikari.HikariConfig           : threadFactory...................internal
2024-04-11T18:31:18.927+08:00 DEBUG 25673 --- [           main] com.zaxxer.hikari.HikariConfig           : transactionIsolation............default
2024-04-11T18:31:18.927+08:00 DEBUG 25673 --- [           main] com.zaxxer.hikari.HikariConfig           : username........................"root"
2024-04-11T18:31:18.927+08:00 DEBUG 25673 --- [           main] com.zaxxer.hikari.HikariConfig           : validationTimeout...............5000
2024-04-11T18:31:18.928+08:00  INFO 25673 --- [           main] com.zaxxer.hikari.HikariDataSource       : HikariPool-1 - Starting...
2024-04-11T18:31:19.060+08:00  INFO 25673 --- [           main] com.zaxxer.hikari.pool.HikariPool        : HikariPool-1 - Added connection com.mysql.cj.jdbc.ConnectionImpl@40ddf339
2024-04-11T18:31:19.061+08:00  INFO 25673 --- [           main] com.zaxxer.hikari.HikariDataSource       : HikariPool-1 - Start completed.
2024-04-11T18:31:19.087+08:00  WARN 25673 --- [           main] org.hibernate.dialect.Dialect            : HHH000511: The 5.7.39 version for [org.hibernate.dialect.MySQLDialect] is no longer supported, hence certain features may not work properly. The minimum supported version is 8.0.0. Check the community dialects project for available legacy versions.
2024-04-11T18:31:19.091+08:00  WARN 25673 --- [           main] org.hibernate.orm.deprecation            : HHH90000025: MySQLDialect does not need to be specified explicitly using 'hibernate.dialect' (remove the property setting and it will be selected by default)
2024-04-11T18:31:19.163+08:00 DEBUG 25673 --- [l-1 housekeeper] com.zaxxer.hikari.pool.HikariPool        : HikariPool-1 - Pool stats (total=1, active=0, idle=1, waiting=0)
2024-04-11T18:31:19.166+08:00 DEBUG 25673 --- [onnection adder] com.zaxxer.hikari.pool.HikariPool        : HikariPool-1 - Added connection com.mysql.cj.jdbc.ConnectionImpl@62f88c95
2024-04-11T18:31:19.182+08:00 DEBUG 25673 --- [onnection adder] com.zaxxer.hikari.pool.HikariPool        : HikariPool-1 - Added connection com.mysql.cj.jdbc.ConnectionImpl@349639db
2024-04-11T18:31:19.198+08:00 DEBUG 25673 --- [onnection adder] com.zaxxer.hikari.pool.HikariPool        : HikariPool-1 - Added connection com.mysql.cj.jdbc.ConnectionImpl@4c95662b
2024-04-11T18:31:19.213+08:00 DEBUG 25673 --- [onnection adder] com.zaxxer.hikari.pool.HikariPool        : HikariPool-1 - Added connection com.mysql.cj.jdbc.ConnectionImpl@4637c8a6
2024-04-11T18:31:19.228+08:00 DEBUG 25673 --- [onnection adder] com.zaxxer.hikari.pool.HikariPool        : HikariPool-1 - Added connection com.mysql.cj.jdbc.ConnectionImpl@579108c0
2024-04-11T18:31:19.245+08:00 DEBUG 25673 --- [onnection adder] com.zaxxer.hikari.pool.HikariPool        : HikariPool-1 - Added connection com.mysql.cj.jdbc.ConnectionImpl@3faed408
2024-04-11T18:31:19.260+08:00 DEBUG 25673 --- [onnection adder] com.zaxxer.hikari.pool.HikariPool        : HikariPool-1 - Added connection com.mysql.cj.jdbc.ConnectionImpl@447607e9
2024-04-11T18:31:19.277+08:00 DEBUG 25673 --- [onnection adder] com.zaxxer.hikari.pool.HikariPool        : HikariPool-1 - Added connection com.mysql.cj.jdbc.ConnectionImpl@68c5462f
2024-04-11T18:31:19.292+08:00 DEBUG 25673 --- [onnection adder] com.zaxxer.hikari.pool.HikariPool        : HikariPool-1 - Added connection com.mysql.cj.jdbc.ConnectionImpl@7131d255
2024-04-11T18:31:19.305+08:00 DEBUG 25673 --- [onnection adder] com.zaxxer.hikari.pool.HikariPool        : HikariPool-1 - After adding stats (total=10, active=0, idle=10, waiting=0)
2024-04-11T18:31:19.844+08:00  INFO 25673 --- [           main] o.h.e.t.j.p.i.JtaPlatformInitiator       : HHH000489: No JTA platform available (set 'hibernate.transaction.jta.platform' to enable JTA platform integration)
Hibernate: create table `booking-transactions` (transaction_id binary(16) not null, amount float(53) not null, payment_method tinyint, transaction_date_time TIMESTAMP(0) DEFAULT CURRENT_TIMESTAMP null, transaction_status tinyint, transaction_update_date_time TIMESTAMP(0) DEFAULT CURRENT_TIMESTAMP ON UPDATE CURRENT_TIMESTAMP null, booking_id binary(16), primary key (transaction_id)) engine=InnoDB
Hibernate: create table bookings (booking_id binary(16) not null, booked_by varchar(255), booking_date_time datetime(6), booking_mobile_number bigint, booking_status tinyint, booking_update_time datetime(6), booking_user_email varchar(255), cancellation_fee float(53) not null, created_date_time TIMESTAMP(0) DEFAULT CURRENT_TIMESTAMP null, event_id bigint not null, last_modified_date_time TIMESTAMP(0) DEFAULT CURRENT_TIMESTAMP ON UPDATE CURRENT_TIMESTAMP null, number_of_tickets integer not null, payment_method tinyint, `transaction_detail_transaction_id` binary(16), primary key (booking_id)) engine=InnoDB
Hibernate: create table event (id bigint not null auto_increment, attendance_count integer not null, available_tickets integer not null, cancellation_fee float(53) not null, created_by varchar(255), created_date_time TIMESTAMP(0) DEFAULT CURRENT_TIMESTAMP null, event_date_time datetime(6), event_state tinyint, event_type tinyint, last_modified_date_time TIMESTAMP(0) DEFAULT CURRENT_TIMESTAMP ON UPDATE CURRENT_TIMESTAMP null, name varchar(255), ticket_price float(53) not null, total_tickets integer not null, venue varchar(255), primary key (id)) engine=InnoDB
Hibernate: create table tickets (id bigint not null auto_increment, ticket_state tinyint, booking_id binary(16), primary key (id)) engine=InnoDB
Hibernate: create table users (id bigint not null auto_increment, created_date_time TIMESTAMP(0) DEFAULT CURRENT_TIMESTAMP null, email varchar(255), first_name varchar(255), last_name varchar(255), mobile_number bigint, password varchar(255), role tinyint, primary key (id)) engine=InnoDB
Hibernate: create table wallet (id bigint not null, balance float(53) not null, user_email varchar(255), user_id bigint not null, primary key (id)) engine=InnoDB
Hibernate: create table wallet_seq (next_val bigint) engine=InnoDB
Hibernate: insert into wallet_seq values ( 1 )
Hibernate: alter table `booking-transactions` drop index UK_t6pwojyfnjfy3qj55l6rlxm6e
Hibernate: alter table `booking-transactions` add constraint UK_t6pwojyfnjfy3qj55l6rlxm6e unique (booking_id)
Hibernate: alter table bookings drop index UK_6h8rulih261wmppbxn6wymmla
Hibernate: alter table bookings add constraint UK_6h8rulih261wmppbxn6wymmla unique (`transaction_detail_transaction_id`)
Hibernate: alter table users drop index UK6dotkott2kjsp8vw4d0m25fb7
Hibernate: alter table users add constraint UK6dotkott2kjsp8vw4d0m25fb7 unique (email)
Hibernate: alter table `booking-transactions` add constraint FK28neb4lur3kur9j4f7ilowlsp foreign key (booking_id) references bookings (booking_id)
Hibernate: alter table bookings add constraint FKq7vtqnjgy1flioxvdnppgf9ck foreign key (`transaction_detail_transaction_id`) references `booking-transactions` (transaction_id)
Hibernate: alter table tickets add constraint FKefja4avuu7g29t78mxifrsynb foreign key (booking_id) references bookings (booking_id)
2024-04-11T18:31:20.044+08:00  INFO 25673 --- [           main] j.LocalContainerEntityManagerFactoryBean : Initialized JPA EntityManagerFactory for persistence unit 'default'
2024-04-11T18:31:20.708+08:00  WARN 25673 --- [           main] JpaBaseConfiguration$JpaWebConfiguration : spring.jpa.open-in-view is enabled by default. Therefore, database queries may be performed during view rendering. Explicitly configure spring.jpa.open-in-view to disable this warning
2024-04-11T18:31:21.264+08:00  INFO 25673 --- [           main] o.s.b.a.e.web.EndpointLinksResolver      : Exposing 1 endpoint(s) beneath base path '/actuator'
2024-04-11T18:31:21.392+08:00  INFO 25673 --- [           main] o.s.s.web.DefaultSecurityFilterChain     : Will secure any request with [org.springframework.security.web.session.DisableEncodeUrlFilter@6bab65b6, org.springframework.security.web.context.request.async.WebAsyncManagerIntegrationFilter@7f6b3f4c, org.springframework.security.web.context.SecurityContextHolderFilter@2845fd12, org.springframework.security.web.header.HeaderWriterFilter@943184c, org.springframework.web.filter.CorsFilter@33f5d807, org.springframework.security.web.authentication.logout.LogoutFilter@6da5cb1, org.eventmanagement.utils.AuthTokenFilter@3fe33c59, org.springframework.security.web.savedrequest.RequestCacheAwareFilter@67231d8d, org.springframework.security.web.servletapi.SecurityContextHolderAwareRequestFilter@4d20d8e6, org.springframework.security.web.authentication.AnonymousAuthenticationFilter@6a7db16e, org.springframework.security.web.session.SessionManagementFilter@75375bb0, org.springframework.security.web.access.ExceptionTranslationFilter@6f823df7, org.springframework.security.web.access.intercept.AuthorizationFilter@6b0bcea5]
2024-04-11T18:31:21.970+08:00  INFO 25673 --- [           main] o.e.EventManagementApplicationTests      : Started EventManagementApplicationTests in 4.947 seconds (process running for 5.636)
]]></system-out>
    <system-err><![CDATA[WARNING: A Java agent has been loaded dynamically (/Users/kelvinnguyen/.m2/repository/net/bytebuddy/byte-buddy-agent/1.14.12/byte-buddy-agent-1.14.12.jar)
WARNING: If a serviceability tool is in use, please run with -XX:+EnableDynamicAgentLoading to hide this warning
WARNING: If a serviceability tool is not in use, please run with -Djdk.instrument.traceUsage for more information
WARNING: Dynamic loading of agents will be disallowed by default in a future release
]]></system-err>
  </testcase>
</testsuite>